<?xml version="1.0" encoding="UTF-8"?>
<!-- Generated by org.testng.reporters.JUnitXMLReporter -->
<testsuite ignored="0" hostname="waltz.ee.ryerson.ca" failures="0" tests="3" name="Test" time="13.487" errors="0" timestamp="2025-03-06T14:57:46 EST">
  <testcase classname="assignments.q6" name="executeSessionTwo" time="12.756"/>
  <testcase classname="assignments.q6" name="executeSessionOne" time="13.425"/>
  <testcase classname="assignments.q6" name="executeSessionThree" time="13.46"/>
</testsuite> <!-- Test -->
