<?xml version="1.0" encoding="UTF-8"?>
<testng-results ignored="0" total="1" passed="1" failed="0" skipped="0">
  <reporter-output>
  </reporter-output>
  <suite started-at="2025-03-06T14:58:19 EST" name="Default suite" finished-at="2025-03-06T14:58:55 EST" duration-ms="35933">
    <groups>
    </groups>
    <test started-at="2025-03-06T14:58:19 EST" name="Default test" finished-at="2025-03-06T14:58:55 EST" duration-ms="35933">
      <class name="assignments.q7">
        <test-method is-config="true" signature="setup()[pri:0, instance:assignments.q7@f0da945]" started-at="2025-03-06T14:58:19 EST" name="setup" finished-at="2025-03-06T14:58:25 EST" duration-ms="6066" status="PASS">
          <reporter-output>
          </reporter-output>
        </test-method> <!-- setup -->
        <test-method signature="loginAndVerify()[pri:0, instance:assignments.q7@f0da945]" started-at="2025-03-06T14:58:25 EST" name="loginAndVerify" finished-at="2025-03-06T14:58:54 EST" duration-ms="28674" status="PASS">
          <reporter-output>
          </reporter-output>
        </test-method> <!-- loginAndVerify -->
        <test-method is-config="true" signature="teardown()[pri:0, instance:assignments.q7@f0da945]" started-at="2025-03-06T14:58:54 EST" name="teardown" finished-at="2025-03-06T14:58:55 EST" duration-ms="1160" status="PASS">
          <reporter-output>
          </reporter-output>
        </test-method> <!-- teardown -->
      </class> <!-- assignments.q7 -->
    </test> <!-- Default test -->
  </suite> <!-- Default suite -->
</testng-results>
